<?xml version="1.0" encoding="UTF-8"?>
<!-- Generated by org.testng.reporters.JUnitXMLReporter -->
<testsuite ignored="0" hostname="MacBookPro" failures="0" tests="5" name="Default test" time="8.726" errors="0" timestamp="2025-05-16T08:00:02 EDT">
  <testcase classname="org.seleniumdocker.tests.FlightReservation.FlightReservationTests" name="userRegistrationTest" time="2.304"/>
  <testcase classname="org.seleniumdocker.tests.FlightReservation.FlightReservationTests" name="registrationConfirmationTest" time="1.67"/>
  <testcase classname="org.seleniumdocker.tests.FlightReservation.FlightReservationTests" name="flightSearchTest" time="0.146"/>
  <testcase classname="org.seleniumdocker.tests.FlightReservation.FlightReservationTests" name="selectFlightsTest" time="2.188"/>
  <testcase classname="org.seleniumdocker.tests.FlightReservation.FlightReservationTests" name="flightConfirmationTest" time="0.58"/>
</testsuite> <!-- Default test -->
