<?xml version="1.0" encoding="UTF-8"?>
<!-- Generated by org.testng.reporters.JUnitXMLReporter -->
<testsuite ignored="0" hostname="MacBookPro" failures="0" tests="5" name="Flight Reservation Tests for two passenger" time="55.01" errors="0" timestamp="2025-05-17T06:10:52 EDT">
  <testcase classname="org.seleniumdocker.tests.FlightReservation.FlightReservationTests" name="userRegistrationTest" time="1.972"/>
  <testcase classname="org.seleniumdocker.tests.FlightReservation.FlightReservationTests" name="registrationConfirmationTest" time="0.273"/>
  <testcase classname="org.seleniumdocker.tests.FlightReservation.FlightReservationTests" name="flightSearchTest" time="0.406"/>
  <testcase classname="org.seleniumdocker.tests.FlightReservation.FlightReservationTests" name="selectFlightsTest" time="0.317"/>
  <testcase classname="org.seleniumdocker.tests.FlightReservation.FlightReservationTests" name="flightConfirmationTest" time="0.179"/>
</testsuite> <!-- Flight Reservation Tests for two passenger -->
