<?xml version="1.0" encoding="UTF-8"?>
<!-- Generated by org.testng.reporters.JUnitXMLReporter -->
<testsuite ignored="0" hostname="MacBookPro" failures="0" tests="5" name="Flight Reservation Tests" time="7.376" errors="0" timestamp="2025-05-16T08:14:07 EDT">
  <testcase classname="org.seleniumdocker.tests.FlightReservation.FlightReservationTests" name="userRegistrationTest" time="0.993"/>
  <testcase classname="org.seleniumdocker.tests.FlightReservation.FlightReservationTests" name="registrationConfirmationTest" time="1.149"/>
  <testcase classname="org.seleniumdocker.tests.FlightReservation.FlightReservationTests" name="flightSearchTest" time="1.174"/>
  <testcase classname="org.seleniumdocker.tests.FlightReservation.FlightReservationTests" name="selectFlightsTest" time="0.647"/>
  <testcase classname="org.seleniumdocker.tests.FlightReservation.FlightReservationTests" name="flightConfirmationTest" time="1.618"/>
</testsuite> <!-- Flight Reservation Tests -->
