<?xml version="1.0" encoding="UTF-8"?>
<!-- Generated by org.testng.reporters.JUnitXMLReporter -->
<testsuite ignored="0" hostname="MacBookPro" failures="0" tests="5" name="Flight Reservation Tests for four passenger" time="52.966" errors="0" timestamp="2025-05-17T06:11:45 EDT">
  <testcase classname="org.seleniumdocker.tests.FlightReservation.FlightReservationTests" name="userRegistrationTest" time="1.276"/>
  <testcase classname="org.seleniumdocker.tests.FlightReservation.FlightReservationTests" name="registrationConfirmationTest" time="0.199"/>
  <testcase classname="org.seleniumdocker.tests.FlightReservation.FlightReservationTests" name="flightSearchTest" time="0.344"/>
  <testcase classname="org.seleniumdocker.tests.FlightReservation.FlightReservationTests" name="selectFlightsTest" time="0.301"/>
  <testcase classname="org.seleniumdocker.tests.FlightReservation.FlightReservationTests" name="flightConfirmationTest" time="0.171"/>
</testsuite> <!-- Flight Reservation Tests for four passenger -->
