<?xml version="1.0" encoding="UTF-8"?>
<testng-results ignored="0" total="20" passed="20" failed="0" skipped="0">
  <reporter-output>
  </reporter-output>
  <suite started-at="2025-05-17T06:09:57 EDT" name="Flight Reservation Tests" finished-at="2025-05-17T06:11:45 EDT" duration-ms="107986">
    <groups>
    </groups>
    <test started-at="2025-05-17T06:09:57 EDT" name="Flight Reservation Tests for one passenger" finished-at="2025-05-17T06:10:52 EDT" duration-ms="54991">
      <class name="org.seleniumdocker.tests.FlightReservation.FlightReservationTests">
        <test-method is-config="true" signature="setUpDriver()[pri:0, instance:org.seleniumdocker.tests.FlightReservation.FlightReservationTests@2254127a]" started-at="2025-05-17T06:09:57 EDT" name="setUpDriver" finished-at="2025-05-17T06:09:58 EDT" duration-ms="1553" status="PASS">
          <reporter-output>
          </reporter-output>
        </test-method> <!-- setUpDriver -->
        <test-method is-config="true" signature="setParameters(java.lang.String)[pri:0, instance:org.seleniumdocker.tests.FlightReservation.FlightReservationTests@2254127a]" started-at="2025-05-17T06:09:58 EDT" name="setParameters" finished-at="2025-05-17T06:09:58 EDT" depends-on-methods="org.seleniumdocker.tests.BaseTest.setUpDriver" duration-ms="180" status="PASS">
          <params>
            <param index="0">
              <value>
                <![CDATA[test-data/passenger-1.json]]>
              </value>
            </param>
          </params>
          <reporter-output>
          </reporter-output>
        </test-method> <!-- setParameters -->
        <test-method signature="userRegistrationTest()[pri:0, instance:org.seleniumdocker.tests.FlightReservation.FlightReservationTests@2254127a]" started-at="2025-05-17T06:09:58 EDT" name="userRegistrationTest" finished-at="2025-05-17T06:10:00 EDT" duration-ms="1961" status="PASS">
          <reporter-output>
          </reporter-output>
        </test-method> <!-- userRegistrationTest -->
        <test-method is-config="true" signature="sleep()[pri:0, instance:org.seleniumdocker.tests.FlightReservation.FlightReservationTests@2254127a]" started-at="2025-05-17T06:10:00 EDT" name="sleep" finished-at="2025-05-17T06:10:10 EDT" duration-ms="10002" status="PASS">
          <reporter-output>
          </reporter-output>
        </test-method> <!-- sleep -->
        <test-method signature="registrationConfirmationTest()[pri:0, instance:org.seleniumdocker.tests.FlightReservation.FlightReservationTests@2254127a]" started-at="2025-05-17T06:10:10 EDT" name="registrationConfirmationTest" finished-at="2025-05-17T06:10:11 EDT" depends-on-methods="org.seleniumdocker.tests.FlightReservation.FlightReservationTests.userRegistrationTest" duration-ms="289" status="PASS">
          <reporter-output>
          </reporter-output>
        </test-method> <!-- registrationConfirmationTest -->
        <test-method is-config="true" signature="sleep()[pri:0, instance:org.seleniumdocker.tests.FlightReservation.FlightReservationTests@2254127a]" started-at="2025-05-17T06:10:11 EDT" name="sleep" finished-at="2025-05-17T06:10:21 EDT" duration-ms="10001" status="PASS">
          <reporter-output>
          </reporter-output>
        </test-method> <!-- sleep -->
        <test-method signature="flightSearchTest()[pri:0, instance:org.seleniumdocker.tests.FlightReservation.FlightReservationTests@2254127a]" started-at="2025-05-17T06:10:21 EDT" name="flightSearchTest" finished-at="2025-05-17T06:10:21 EDT" depends-on-methods="org.seleniumdocker.tests.FlightReservation.FlightReservationTests.registrationConfirmationTest" duration-ms="368" status="PASS">
          <reporter-output>
          </reporter-output>
        </test-method> <!-- flightSearchTest -->
        <test-method is-config="true" signature="sleep()[pri:0, instance:org.seleniumdocker.tests.FlightReservation.FlightReservationTests@2254127a]" started-at="2025-05-17T06:10:21 EDT" name="sleep" finished-at="2025-05-17T06:10:31 EDT" duration-ms="10003" status="PASS">
          <reporter-output>
          </reporter-output>
        </test-method> <!-- sleep -->
        <test-method signature="selectFlightsTest()[pri:0, instance:org.seleniumdocker.tests.FlightReservation.FlightReservationTests@2254127a]" started-at="2025-05-17T06:10:31 EDT" name="selectFlightsTest" finished-at="2025-05-17T06:10:31 EDT" depends-on-methods="org.seleniumdocker.tests.FlightReservation.FlightReservationTests.flightSearchTest" duration-ms="320" status="PASS">
          <reporter-output>
          </reporter-output>
        </test-method> <!-- selectFlightsTest -->
        <test-method is-config="true" signature="sleep()[pri:0, instance:org.seleniumdocker.tests.FlightReservation.FlightReservationTests@2254127a]" started-at="2025-05-17T06:10:31 EDT" name="sleep" finished-at="2025-05-17T06:10:41 EDT" duration-ms="10005" status="PASS">
          <reporter-output>
          </reporter-output>
        </test-method> <!-- sleep -->
        <test-method signature="flightConfirmationTest()[pri:0, instance:org.seleniumdocker.tests.FlightReservation.FlightReservationTests@2254127a]" started-at="2025-05-17T06:10:41 EDT" name="flightConfirmationTest" finished-at="2025-05-17T06:10:42 EDT" depends-on-methods="org.seleniumdocker.tests.FlightReservation.FlightReservationTests.selectFlightsTest" duration-ms="179" status="PASS">
          <reporter-output>
          </reporter-output>
        </test-method> <!-- flightConfirmationTest -->
        <test-method is-config="true" signature="sleep()[pri:0, instance:org.seleniumdocker.tests.FlightReservation.FlightReservationTests@2254127a]" started-at="2025-05-17T06:10:42 EDT" name="sleep" finished-at="2025-05-17T06:10:52 EDT" duration-ms="10000" status="PASS">
          <reporter-output>
          </reporter-output>
        </test-method> <!-- sleep -->
        <test-method is-config="true" signature="tearDown()[pri:0, instance:org.seleniumdocker.tests.FlightReservation.FlightReservationTests@2254127a]" started-at="2025-05-17T06:10:52 EDT" name="tearDown" finished-at="2025-05-17T06:10:52 EDT" duration-ms="86" status="PASS">
          <reporter-output>
          </reporter-output>
        </test-method> <!-- tearDown -->
      </class> <!-- org.seleniumdocker.tests.FlightReservation.FlightReservationTests -->
    </test> <!-- Flight Reservation Tests for one passenger -->
    <test started-at="2025-05-17T06:09:57 EDT" name="Flight Reservation Tests for two passenger" finished-at="2025-05-17T06:10:52 EDT" duration-ms="55010">
      <class name="org.seleniumdocker.tests.FlightReservation.FlightReservationTests">
        <test-method is-config="true" signature="setUpDriver()[pri:0, instance:org.seleniumdocker.tests.FlightReservation.FlightReservationTests@1a5a4e19]" started-at="2025-05-17T06:09:57 EDT" name="setUpDriver" finished-at="2025-05-17T06:09:58 EDT" duration-ms="1555" status="PASS">
          <reporter-output>
          </reporter-output>
        </test-method> <!-- setUpDriver -->
        <test-method is-config="true" signature="setParameters(java.lang.String)[pri:0, instance:org.seleniumdocker.tests.FlightReservation.FlightReservationTests@1a5a4e19]" started-at="2025-05-17T06:09:58 EDT" name="setParameters" finished-at="2025-05-17T06:09:58 EDT" depends-on-methods="org.seleniumdocker.tests.BaseTest.setUpDriver" duration-ms="180" status="PASS">
          <params>
            <param index="0">
              <value>
                <![CDATA[test-data/passenger-2.json]]>
              </value>
            </param>
          </params>
          <reporter-output>
          </reporter-output>
        </test-method> <!-- setParameters -->
        <test-method signature="userRegistrationTest()[pri:0, instance:org.seleniumdocker.tests.FlightReservation.FlightReservationTests@1a5a4e19]" started-at="2025-05-17T06:09:58 EDT" name="userRegistrationTest" finished-at="2025-05-17T06:10:00 EDT" duration-ms="1972" status="PASS">
          <reporter-output>
          </reporter-output>
        </test-method> <!-- userRegistrationTest -->
        <test-method is-config="true" signature="sleep()[pri:0, instance:org.seleniumdocker.tests.FlightReservation.FlightReservationTests@1a5a4e19]" started-at="2025-05-17T06:10:00 EDT" name="sleep" finished-at="2025-05-17T06:10:10 EDT" duration-ms="10001" status="PASS">
          <reporter-output>
          </reporter-output>
        </test-method> <!-- sleep -->
        <test-method signature="registrationConfirmationTest()[pri:0, instance:org.seleniumdocker.tests.FlightReservation.FlightReservationTests@1a5a4e19]" started-at="2025-05-17T06:10:10 EDT" name="registrationConfirmationTest" finished-at="2025-05-17T06:10:11 EDT" depends-on-methods="org.seleniumdocker.tests.FlightReservation.FlightReservationTests.userRegistrationTest" duration-ms="273" status="PASS">
          <reporter-output>
          </reporter-output>
        </test-method> <!-- registrationConfirmationTest -->
        <test-method is-config="true" signature="sleep()[pri:0, instance:org.seleniumdocker.tests.FlightReservation.FlightReservationTests@1a5a4e19]" started-at="2025-05-17T06:10:11 EDT" name="sleep" finished-at="2025-05-17T06:10:21 EDT" duration-ms="10001" status="PASS">
          <reporter-output>
          </reporter-output>
        </test-method> <!-- sleep -->
        <test-method signature="flightSearchTest()[pri:0, instance:org.seleniumdocker.tests.FlightReservation.FlightReservationTests@1a5a4e19]" started-at="2025-05-17T06:10:21 EDT" name="flightSearchTest" finished-at="2025-05-17T06:10:21 EDT" depends-on-methods="org.seleniumdocker.tests.FlightReservation.FlightReservationTests.registrationConfirmationTest" duration-ms="406" status="PASS">
          <reporter-output>
          </reporter-output>
        </test-method> <!-- flightSearchTest -->
        <test-method is-config="true" signature="sleep()[pri:0, instance:org.seleniumdocker.tests.FlightReservation.FlightReservationTests@1a5a4e19]" started-at="2025-05-17T06:10:21 EDT" name="sleep" finished-at="2025-05-17T06:10:31 EDT" duration-ms="10001" status="PASS">
          <reporter-output>
          </reporter-output>
        </test-method> <!-- sleep -->
        <test-method signature="selectFlightsTest()[pri:0, instance:org.seleniumdocker.tests.FlightReservation.FlightReservationTests@1a5a4e19]" started-at="2025-05-17T06:10:31 EDT" name="selectFlightsTest" finished-at="2025-05-17T06:10:31 EDT" depends-on-methods="org.seleniumdocker.tests.FlightReservation.FlightReservationTests.flightSearchTest" duration-ms="317" status="PASS">
          <reporter-output>
          </reporter-output>
        </test-method> <!-- selectFlightsTest -->
        <test-method is-config="true" signature="sleep()[pri:0, instance:org.seleniumdocker.tests.FlightReservation.FlightReservationTests@1a5a4e19]" started-at="2025-05-17T06:10:31 EDT" name="sleep" finished-at="2025-05-17T06:10:41 EDT" duration-ms="10000" status="PASS">
          <reporter-output>
          </reporter-output>
        </test-method> <!-- sleep -->
        <test-method signature="flightConfirmationTest()[pri:0, instance:org.seleniumdocker.tests.FlightReservation.FlightReservationTests@1a5a4e19]" started-at="2025-05-17T06:10:41 EDT" name="flightConfirmationTest" finished-at="2025-05-17T06:10:42 EDT" depends-on-methods="org.seleniumdocker.tests.FlightReservation.FlightReservationTests.selectFlightsTest" duration-ms="179" status="PASS">
          <reporter-output>
          </reporter-output>
        </test-method> <!-- flightConfirmationTest -->
        <test-method is-config="true" signature="sleep()[pri:0, instance:org.seleniumdocker.tests.FlightReservation.FlightReservationTests@1a5a4e19]" started-at="2025-05-17T06:10:42 EDT" name="sleep" finished-at="2025-05-17T06:10:52 EDT" duration-ms="10001" status="PASS">
          <reporter-output>
          </reporter-output>
        </test-method> <!-- sleep -->
        <test-method is-config="true" signature="tearDown()[pri:0, instance:org.seleniumdocker.tests.FlightReservation.FlightReservationTests@1a5a4e19]" started-at="2025-05-17T06:10:52 EDT" name="tearDown" finished-at="2025-05-17T06:10:52 EDT" duration-ms="89" status="PASS">
          <reporter-output>
          </reporter-output>
        </test-method> <!-- tearDown -->
      </class> <!-- org.seleniumdocker.tests.FlightReservation.FlightReservationTests -->
    </test> <!-- Flight Reservation Tests for two passenger -->
    <test started-at="2025-05-17T06:09:57 EDT" name="Flight Reservation Tests for three passenger" finished-at="2025-05-17T06:10:52 EDT" duration-ms="55007">
      <class name="org.seleniumdocker.tests.FlightReservation.FlightReservationTests">
        <test-method is-config="true" signature="setUpDriver()[pri:0, instance:org.seleniumdocker.tests.FlightReservation.FlightReservationTests@60db1c0e]" started-at="2025-05-17T06:09:57 EDT" name="setUpDriver" finished-at="2025-05-17T06:09:58 EDT" duration-ms="1554" status="PASS">
          <reporter-output>
          </reporter-output>
        </test-method> <!-- setUpDriver -->
        <test-method is-config="true" signature="setParameters(java.lang.String)[pri:0, instance:org.seleniumdocker.tests.FlightReservation.FlightReservationTests@60db1c0e]" started-at="2025-05-17T06:09:58 EDT" name="setParameters" finished-at="2025-05-17T06:09:58 EDT" depends-on-methods="org.seleniumdocker.tests.BaseTest.setUpDriver" duration-ms="180" status="PASS">
          <params>
            <param index="0">
              <value>
                <![CDATA[test-data/passenger-3.json]]>
              </value>
            </param>
          </params>
          <reporter-output>
          </reporter-output>
        </test-method> <!-- setParameters -->
        <test-method signature="userRegistrationTest()[pri:0, instance:org.seleniumdocker.tests.FlightReservation.FlightReservationTests@60db1c0e]" started-at="2025-05-17T06:09:58 EDT" name="userRegistrationTest" finished-at="2025-05-17T06:10:00 EDT" duration-ms="1972" status="PASS">
          <reporter-output>
          </reporter-output>
        </test-method> <!-- userRegistrationTest -->
        <test-method is-config="true" signature="sleep()[pri:0, instance:org.seleniumdocker.tests.FlightReservation.FlightReservationTests@60db1c0e]" started-at="2025-05-17T06:10:00 EDT" name="sleep" finished-at="2025-05-17T06:10:10 EDT" duration-ms="10000" status="PASS">
          <reporter-output>
          </reporter-output>
        </test-method> <!-- sleep -->
        <test-method signature="registrationConfirmationTest()[pri:0, instance:org.seleniumdocker.tests.FlightReservation.FlightReservationTests@60db1c0e]" started-at="2025-05-17T06:10:10 EDT" name="registrationConfirmationTest" finished-at="2025-05-17T06:10:11 EDT" depends-on-methods="org.seleniumdocker.tests.FlightReservation.FlightReservationTests.userRegistrationTest" duration-ms="273" status="PASS">
          <reporter-output>
          </reporter-output>
        </test-method> <!-- registrationConfirmationTest -->
        <test-method is-config="true" signature="sleep()[pri:0, instance:org.seleniumdocker.tests.FlightReservation.FlightReservationTests@60db1c0e]" started-at="2025-05-17T06:10:11 EDT" name="sleep" finished-at="2025-05-17T06:10:21 EDT" duration-ms="10001" status="PASS">
          <reporter-output>
          </reporter-output>
        </test-method> <!-- sleep -->
        <test-method signature="flightSearchTest()[pri:0, instance:org.seleniumdocker.tests.FlightReservation.FlightReservationTests@60db1c0e]" started-at="2025-05-17T06:10:21 EDT" name="flightSearchTest" finished-at="2025-05-17T06:10:21 EDT" depends-on-methods="org.seleniumdocker.tests.FlightReservation.FlightReservationTests.registrationConfirmationTest" duration-ms="406" status="PASS">
          <reporter-output>
          </reporter-output>
        </test-method> <!-- flightSearchTest -->
        <test-method is-config="true" signature="sleep()[pri:0, instance:org.seleniumdocker.tests.FlightReservation.FlightReservationTests@60db1c0e]" started-at="2025-05-17T06:10:21 EDT" name="sleep" finished-at="2025-05-17T06:10:31 EDT" duration-ms="10000" status="PASS">
          <reporter-output>
          </reporter-output>
        </test-method> <!-- sleep -->
        <test-method signature="selectFlightsTest()[pri:0, instance:org.seleniumdocker.tests.FlightReservation.FlightReservationTests@60db1c0e]" started-at="2025-05-17T06:10:31 EDT" name="selectFlightsTest" finished-at="2025-05-17T06:10:31 EDT" depends-on-methods="org.seleniumdocker.tests.FlightReservation.FlightReservationTests.flightSearchTest" duration-ms="316" status="PASS">
          <reporter-output>
          </reporter-output>
        </test-method> <!-- selectFlightsTest -->
        <test-method is-config="true" signature="sleep()[pri:0, instance:org.seleniumdocker.tests.FlightReservation.FlightReservationTests@60db1c0e]" started-at="2025-05-17T06:10:31 EDT" name="sleep" finished-at="2025-05-17T06:10:41 EDT" duration-ms="10002" status="PASS">
          <reporter-output>
          </reporter-output>
        </test-method> <!-- sleep -->
        <test-method signature="flightConfirmationTest()[pri:0, instance:org.seleniumdocker.tests.FlightReservation.FlightReservationTests@60db1c0e]" started-at="2025-05-17T06:10:41 EDT" name="flightConfirmationTest" finished-at="2025-05-17T06:10:42 EDT" depends-on-methods="org.seleniumdocker.tests.FlightReservation.FlightReservationTests.selectFlightsTest" duration-ms="177" status="PASS">
          <reporter-output>
          </reporter-output>
        </test-method> <!-- flightConfirmationTest -->
        <test-method is-config="true" signature="sleep()[pri:0, instance:org.seleniumdocker.tests.FlightReservation.FlightReservationTests@60db1c0e]" started-at="2025-05-17T06:10:42 EDT" name="sleep" finished-at="2025-05-17T06:10:52 EDT" duration-ms="10001" status="PASS">
          <reporter-output>
          </reporter-output>
        </test-method> <!-- sleep -->
        <test-method is-config="true" signature="tearDown()[pri:0, instance:org.seleniumdocker.tests.FlightReservation.FlightReservationTests@60db1c0e]" started-at="2025-05-17T06:10:52 EDT" name="tearDown" finished-at="2025-05-17T06:10:52 EDT" duration-ms="87" status="PASS">
          <reporter-output>
          </reporter-output>
        </test-method> <!-- tearDown -->
      </class> <!-- org.seleniumdocker.tests.FlightReservation.FlightReservationTests -->
    </test> <!-- Flight Reservation Tests for three passenger -->
    <test started-at="2025-05-17T06:10:52 EDT" name="Flight Reservation Tests for four passenger" finished-at="2025-05-17T06:11:45 EDT" duration-ms="52966">
      <class name="org.seleniumdocker.tests.FlightReservation.FlightReservationTests">
        <test-method is-config="true" signature="setUpConfig()[pri:0, instance:org.seleniumdocker.tests.FlightReservation.FlightReservationTests@7975d1d8]" started-at="2025-05-17T06:09:57 EDT" name="setUpConfig" finished-at="2025-05-17T06:09:57 EDT" duration-ms="10" status="PASS">
          <reporter-output>
          </reporter-output>
        </test-method> <!-- setUpConfig -->
        <test-method is-config="true" signature="setUpDriver()[pri:0, instance:org.seleniumdocker.tests.FlightReservation.FlightReservationTests@7975d1d8]" started-at="2025-05-17T06:10:52 EDT" name="setUpDriver" finished-at="2025-05-17T06:10:52 EDT" duration-ms="570" status="PASS">
          <reporter-output>
          </reporter-output>
        </test-method> <!-- setUpDriver -->
        <test-method is-config="true" signature="setParameters(java.lang.String)[pri:0, instance:org.seleniumdocker.tests.FlightReservation.FlightReservationTests@7975d1d8]" started-at="2025-05-17T06:10:52 EDT" name="setParameters" finished-at="2025-05-17T06:10:52 EDT" depends-on-methods="org.seleniumdocker.tests.BaseTest.setUpDriver" duration-ms="1" status="PASS">
          <params>
            <param index="0">
              <value>
                <![CDATA[test-data/passenger-4.json]]>
              </value>
            </param>
          </params>
          <reporter-output>
          </reporter-output>
        </test-method> <!-- setParameters -->
        <test-method signature="userRegistrationTest()[pri:0, instance:org.seleniumdocker.tests.FlightReservation.FlightReservationTests@7975d1d8]" started-at="2025-05-17T06:10:52 EDT" name="userRegistrationTest" finished-at="2025-05-17T06:10:54 EDT" duration-ms="1276" status="PASS">
          <reporter-output>
          </reporter-output>
        </test-method> <!-- userRegistrationTest -->
        <test-method is-config="true" signature="sleep()[pri:0, instance:org.seleniumdocker.tests.FlightReservation.FlightReservationTests@7975d1d8]" started-at="2025-05-17T06:10:54 EDT" name="sleep" finished-at="2025-05-17T06:11:04 EDT" duration-ms="10001" status="PASS">
          <reporter-output>
          </reporter-output>
        </test-method> <!-- sleep -->
        <test-method signature="registrationConfirmationTest()[pri:0, instance:org.seleniumdocker.tests.FlightReservation.FlightReservationTests@7975d1d8]" started-at="2025-05-17T06:11:04 EDT" name="registrationConfirmationTest" finished-at="2025-05-17T06:11:04 EDT" depends-on-methods="org.seleniumdocker.tests.FlightReservation.FlightReservationTests.userRegistrationTest" duration-ms="199" status="PASS">
          <reporter-output>
          </reporter-output>
        </test-method> <!-- registrationConfirmationTest -->
        <test-method is-config="true" signature="sleep()[pri:0, instance:org.seleniumdocker.tests.FlightReservation.FlightReservationTests@7975d1d8]" started-at="2025-05-17T06:11:04 EDT" name="sleep" finished-at="2025-05-17T06:11:14 EDT" duration-ms="10004" status="PASS">
          <reporter-output>
          </reporter-output>
        </test-method> <!-- sleep -->
        <test-method signature="flightSearchTest()[pri:0, instance:org.seleniumdocker.tests.FlightReservation.FlightReservationTests@7975d1d8]" started-at="2025-05-17T06:11:14 EDT" name="flightSearchTest" finished-at="2025-05-17T06:11:14 EDT" depends-on-methods="org.seleniumdocker.tests.FlightReservation.FlightReservationTests.registrationConfirmationTest" duration-ms="344" status="PASS">
          <reporter-output>
          </reporter-output>
        </test-method> <!-- flightSearchTest -->
        <test-method is-config="true" signature="sleep()[pri:0, instance:org.seleniumdocker.tests.FlightReservation.FlightReservationTests@7975d1d8]" started-at="2025-05-17T06:11:14 EDT" name="sleep" finished-at="2025-05-17T06:11:24 EDT" duration-ms="10004" status="PASS">
          <reporter-output>
          </reporter-output>
        </test-method> <!-- sleep -->
        <test-method signature="selectFlightsTest()[pri:0, instance:org.seleniumdocker.tests.FlightReservation.FlightReservationTests@7975d1d8]" started-at="2025-05-17T06:11:24 EDT" name="selectFlightsTest" finished-at="2025-05-17T06:11:24 EDT" depends-on-methods="org.seleniumdocker.tests.FlightReservation.FlightReservationTests.flightSearchTest" duration-ms="301" status="PASS">
          <reporter-output>
          </reporter-output>
        </test-method> <!-- selectFlightsTest -->
        <test-method is-config="true" signature="sleep()[pri:0, instance:org.seleniumdocker.tests.FlightReservation.FlightReservationTests@7975d1d8]" started-at="2025-05-17T06:11:24 EDT" name="sleep" finished-at="2025-05-17T06:11:34 EDT" duration-ms="10001" status="PASS">
          <reporter-output>
          </reporter-output>
        </test-method> <!-- sleep -->
        <test-method signature="flightConfirmationTest()[pri:0, instance:org.seleniumdocker.tests.FlightReservation.FlightReservationTests@7975d1d8]" started-at="2025-05-17T06:11:34 EDT" name="flightConfirmationTest" finished-at="2025-05-17T06:11:35 EDT" depends-on-methods="org.seleniumdocker.tests.FlightReservation.FlightReservationTests.selectFlightsTest" duration-ms="171" status="PASS">
          <reporter-output>
          </reporter-output>
        </test-method> <!-- flightConfirmationTest -->
        <test-method is-config="true" signature="sleep()[pri:0, instance:org.seleniumdocker.tests.FlightReservation.FlightReservationTests@7975d1d8]" started-at="2025-05-17T06:11:35 EDT" name="sleep" finished-at="2025-05-17T06:11:45 EDT" duration-ms="10002" status="PASS">
          <reporter-output>
          </reporter-output>
        </test-method> <!-- sleep -->
        <test-method is-config="true" signature="tearDown()[pri:0, instance:org.seleniumdocker.tests.FlightReservation.FlightReservationTests@7975d1d8]" started-at="2025-05-17T06:11:45 EDT" name="tearDown" finished-at="2025-05-17T06:11:45 EDT" duration-ms="84" status="PASS">
          <reporter-output>
          </reporter-output>
        </test-method> <!-- tearDown -->
      </class> <!-- org.seleniumdocker.tests.FlightReservation.FlightReservationTests -->
    </test> <!-- Flight Reservation Tests for four passenger -->
  </suite> <!-- Flight Reservation Tests -->
</testng-results>
